<?xml version="1.0" encoding="UTF-8"?>
<TestRun id="3b8c3690-8330-4c4a-b2ea-ebe5b5acf1d3" name="apalmer@PSI-W7LT-DRLFZN 2011-12-10 00:22:44" runUser="PRELUDE\apalmer" xmlns="http://microsoft.com/schemas/VisualStudio/TeamTest/2010">
  <TestSettings name="Local" id="1b052522-8a83-4dd0-95c4-88e88fda6056">
    <Description>These are default test settings for a local test run.</Description>
    <Deployment enabled="false" runDeploymentRoot="apalmer_PSI-W7LT-DRLFZN 2011-12-10 00_22_44">
      <DeploymentItem filename="C:\Users\apalmer\Documents\Visual Studio 2010\Projects\Prelude.WebFormsSample\lib\EntityFramework.dll" />
      <DeploymentItem filename="C:\Users\apalmer\Documents\Visual Studio 2010\Projects\Prelude.WebFormsSample\src\Prelude.WebFormsSample.Core\bin\Debug\Prelude.WebFormsSample.Core.dll" />
      <DeploymentItem filename="C:\Users\apalmer\Documents\Visual Studio 2010\Projects\Prelude.WebFormsSample\src\Prelude.WebFormsSample.Web\bin\Prelude.WebFormsSample.Web.dll" />
      <DeploymentItem filename="C:\Users\apalmer\Documents\Visual Studio 2010\Projects\Prelude.WebFormsSample\src\Prelude.WebFormsSample.Data\bin\Debug\Prelude.WebFormsSample.Data.dll" />
    </Deployment>
    <Execution>
      <TestTypeSpecific />
      <AgentRule name="Execution Agents">
      </AgentRule>
    </Execution>
  </TestSettings>
  <Times creation="2011-12-10T00:22:44.7666816-05:00" queuing="2011-12-10T00:22:44.8106842-05:00" start="2011-12-10T00:22:44.8186846-05:00" finish="2011-12-10T00:22:45.4227192-05:00" />
  <ResultSummary outcome="Failed">
    <Counters total="4" executed="4" error="0" failed="4" timeout="0" aborted="0" inconclusive="0" passedButRunAborted="0" notRunnable="0" notExecuted="0" disconnected="0" warning="0" passed="0" completed="0" inProgress="0" pending="0" />
  </ResultSummary>
  <TestDefinitions>
    <UnitTest name="Prove_TryGetObjectByKey_HitsContextFirst" storage="c:\users\apalmer\documents\visual studio 2010\projects\prelude.webformssample\src\prelude.webformssample.tests\bin\debug\prelude.webformssample.tests.dll" id="70d55418-e9c5-f165-a57d-b03fc7277026">
      <Execution id="54c864a4-1fb0-4d4b-9acd-01e7878b7752" />
      <TestMethod codeBase="C:/Users/apalmer/Documents/Visual Studio 2010/Projects/Prelude.WebFormsSample/src/Prelude.WebFormsSample.Tests/bin/Debug/Prelude.WebFormsSample.Tests.DLL" adapterTypeName="Microsoft.VisualStudio.TestTools.TestTypes.Unit.UnitTestAdapter, Microsoft.VisualStudio.QualityTools.Tips.UnitTest.Adapter, Version=10.0.0.0, Culture=neutral, PublicKeyToken=b03f5f7f11d50a3a" className="Prelude.WebFormsSample.Tests.SampleDbTests, Prelude.WebFormsSample.Tests, Version=1.0.0.0, Culture=neutral, PublicKeyToken=null" name="Prove_TryGetObjectByKey_HitsContextFirst" />
    </UnitTest>
    <UnitTest name="Prove_ObjectQuery_AlwaysHitsDb" storage="c:\users\apalmer\documents\visual studio 2010\projects\prelude.webformssample\src\prelude.webformssample.tests\bin\debug\prelude.webformssample.tests.dll" id="411e7457-7320-c0eb-6d70-d964c024eaf9">
      <Execution id="c5bd66df-362a-4568-b7e8-27c15ec9697f" />
      <TestMethod codeBase="C:/Users/apalmer/Documents/Visual Studio 2010/Projects/Prelude.WebFormsSample/src/Prelude.WebFormsSample.Tests/bin/Debug/Prelude.WebFormsSample.Tests.DLL" adapterTypeName="Microsoft.VisualStudio.TestTools.TestTypes.Unit.UnitTestAdapter, Microsoft.VisualStudio.QualityTools.Tips.UnitTest.Adapter, Version=10.0.0.0, Culture=neutral, PublicKeyToken=b03f5f7f11d50a3a" className="Prelude.WebFormsSample.Tests.SampleDbTests, Prelude.WebFormsSample.Tests, Version=1.0.0.0, Culture=neutral, PublicKeyToken=null" name="Prove_ObjectQuery_AlwaysHitsDb" />
    </UnitTest>
    <UnitTest name="Demo_Update_ExistingEntity" storage="c:\users\apalmer\documents\visual studio 2010\projects\prelude.webformssample\src\prelude.webformssample.tests\bin\debug\prelude.webformssample.tests.dll" id="97548af4-a671-3b0b-8ff3-632e28f08d89">
      <Execution id="66beadf4-7f1b-4df1-9c91-3c2888f1fa89" />
      <TestMethod codeBase="C:/Users/apalmer/Documents/Visual Studio 2010/Projects/Prelude.WebFormsSample/src/Prelude.WebFormsSample.Tests/bin/Debug/Prelude.WebFormsSample.Tests.DLL" adapterTypeName="Microsoft.VisualStudio.TestTools.TestTypes.Unit.UnitTestAdapter, Microsoft.VisualStudio.QualityTools.Tips.UnitTest.Adapter, Version=10.0.0.0, Culture=neutral, PublicKeyToken=b03f5f7f11d50a3a" className="Prelude.WebFormsSample.Tests.SampleDbTests, Prelude.WebFormsSample.Tests, Version=1.0.0.0, Culture=neutral, PublicKeyToken=null" name="Demo_Update_ExistingEntity" />
    </UnitTest>
    <UnitTest name="Demo_Insert_NewEntity" storage="c:\users\apalmer\documents\visual studio 2010\projects\prelude.webformssample\src\prelude.webformssample.tests\bin\debug\prelude.webformssample.tests.dll" id="c10f0587-9ea3-0944-95c4-3acac2758718">
      <Execution id="41a8af22-02f1-4b75-9222-b0eadf7bbf90" />
      <TestMethod codeBase="C:/Users/apalmer/Documents/Visual Studio 2010/Projects/Prelude.WebFormsSample/src/Prelude.WebFormsSample.Tests/bin/Debug/Prelude.WebFormsSample.Tests.DLL" adapterTypeName="Microsoft.VisualStudio.TestTools.TestTypes.Unit.UnitTestAdapter, Microsoft.VisualStudio.QualityTools.Tips.UnitTest.Adapter, Version=10.0.0.0, Culture=neutral, PublicKeyToken=b03f5f7f11d50a3a" className="Prelude.WebFormsSample.Tests.SampleDbTests, Prelude.WebFormsSample.Tests, Version=1.0.0.0, Culture=neutral, PublicKeyToken=null" name="Demo_Insert_NewEntity" />
    </UnitTest>
  </TestDefinitions>
  <TestLists>
    <TestList name="Results Not in a List" id="8c84fa94-04c1-424b-9868-57a2d4851a1d" />
    <TestList name="All Loaded Results" id="19431567-8539-422a-85d7-44ee4e166bda" />
  </TestLists>
  <TestEntries>
    <TestEntry testId="411e7457-7320-c0eb-6d70-d964c024eaf9" executionId="c5bd66df-362a-4568-b7e8-27c15ec9697f" testListId="8c84fa94-04c1-424b-9868-57a2d4851a1d" />
    <TestEntry testId="70d55418-e9c5-f165-a57d-b03fc7277026" executionId="54c864a4-1fb0-4d4b-9acd-01e7878b7752" testListId="8c84fa94-04c1-424b-9868-57a2d4851a1d" />
    <TestEntry testId="97548af4-a671-3b0b-8ff3-632e28f08d89" executionId="66beadf4-7f1b-4df1-9c91-3c2888f1fa89" testListId="8c84fa94-04c1-424b-9868-57a2d4851a1d" />
    <TestEntry testId="c10f0587-9ea3-0944-95c4-3acac2758718" executionId="41a8af22-02f1-4b75-9222-b0eadf7bbf90" testListId="8c84fa94-04c1-424b-9868-57a2d4851a1d" />
  </TestEntries>
  <Results>
    <UnitTestResult executionId="c5bd66df-362a-4568-b7e8-27c15ec9697f" testId="411e7457-7320-c0eb-6d70-d964c024eaf9" testName="Prove_ObjectQuery_AlwaysHitsDb" computerName="PSI-W7LT-DRLFZN" duration="00:00:00.2172720" startTime="2011-12-10T00:22:44.8256850-05:00" endTime="2011-12-10T00:22:45.3367142-05:00" testType="13cdc9d9-ddb5-4fa4-a97d-d965ccfc6d4b" outcome="Failed" testListId="8c84fa94-04c1-424b-9868-57a2d4851a1d" relativeResultsDirectory="c5bd66df-362a-4568-b7e8-27c15ec9697f">
      <Output>
        <ErrorInfo>
          <Message>Test method Prelude.WebFormsSample.Tests.SampleDbTests.Prove_ObjectQuery_AlwaysHitsDb threw exception: 
System.InvalidOperationException: The entity type Address is not part of the model for the current context.</Message>
          <StackTrace>    at System.Data.Entity.Internal.InternalContext.UpdateEntitySetMappingsForType(Type entityType)
   at System.Data.Entity.Internal.InternalContext.GetEntitySetAndBaseTypeForType(Type entityType)
   at System.Data.Entity.Internal.Linq.InternalSet`1.Initialize()
   at System.Data.Entity.Internal.Linq.InternalSet`1.get_InternalContext()
   at System.Data.Entity.Infrastructure.DbQuery`1.System.Linq.IQueryable.get_Provider()
   at System.Linq.Queryable.Where[TSource](IQueryable`1 source, Expression`1 predicate)
   at Prelude.WebFormsSample.Tests.SampleDbTests.Prove_ObjectQuery_AlwaysHitsDb() in C:\Users\apalmer\Documents\Visual Studio 2010\Projects\Prelude.WebFormsSample\src\Prelude.WebFormsSample.Tests\SampleDbTests.vb:line 55
</StackTrace>
        </ErrorInfo>
      </Output>
    </UnitTestResult>
    <UnitTestResult executionId="54c864a4-1fb0-4d4b-9acd-01e7878b7752" testId="70d55418-e9c5-f165-a57d-b03fc7277026" testName="Prove_TryGetObjectByKey_HitsContextFirst" computerName="PSI-W7LT-DRLFZN" duration="00:00:00.0303331" startTime="2011-12-10T00:22:45.3427146-05:00" endTime="2011-12-10T00:22:45.3767165-05:00" testType="13cdc9d9-ddb5-4fa4-a97d-d965ccfc6d4b" outcome="Failed" testListId="8c84fa94-04c1-424b-9868-57a2d4851a1d" relativeResultsDirectory="54c864a4-1fb0-4d4b-9acd-01e7878b7752">
      <Output>
        <ErrorInfo>
          <Message>Test method Prelude.WebFormsSample.Tests.SampleDbTests.Prove_TryGetObjectByKey_HitsContextFirst threw exception: 
System.ArgumentException: The member with identity 'PersonEntities' does not exist in the metadata collection.
Parameter name: identity</Message>
          <StackTrace>    at System.Data.Metadata.Edm.MetadataCollection`1.GetValue(String identity, Boolean ignoreCase)
   at System.Data.Metadata.Edm.ReadOnlyMetadataCollection`1.GetValue(String identity, Boolean ignoreCase)
   at System.Data.Metadata.Edm.ItemCollection.GetEntityContainer(String name, Boolean ignoreCase)
   at System.Data.EntityKey.GetEntitySet(MetadataWorkspace metadataWorkspace)
   at System.Data.Objects.ObjectContext.TryGetObjectByKey(EntityKey key, Object&amp; value)
   at Prelude.WebFormsSample.Tests.SampleDbTests.Prove_TryGetObjectByKey_HitsContextFirst() in C:\Users\apalmer\Documents\Visual Studio 2010\Projects\Prelude.WebFormsSample\src\Prelude.WebFormsSample.Tests\SampleDbTests.vb:line 71
</StackTrace>
        </ErrorInfo>
      </Output>
    </UnitTestResult>
    <UnitTestResult executionId="66beadf4-7f1b-4df1-9c91-3c2888f1fa89" testId="97548af4-a671-3b0b-8ff3-632e28f08d89" testName="Demo_Update_ExistingEntity" computerName="PSI-W7LT-DRLFZN" duration="00:00:00.0034869" startTime="2011-12-10T00:22:45.3827169-05:00" endTime="2011-12-10T00:22:45.3887172-05:00" testType="13cdc9d9-ddb5-4fa4-a97d-d965ccfc6d4b" outcome="Failed" testListId="8c84fa94-04c1-424b-9868-57a2d4851a1d" relativeResultsDirectory="66beadf4-7f1b-4df1-9c91-3c2888f1fa89">
      <Output>
        <ErrorInfo>
          <Message>Test method Prelude.WebFormsSample.Tests.SampleDbTests.Demo_Update_ExistingEntity threw exception: 
System.InvalidOperationException: The entity type Address is not part of the model for the current context.</Message>
          <StackTrace>    at System.Data.Entity.Internal.InternalContext.UpdateEntitySetMappingsForType(Type entityType)
   at System.Data.Entity.Internal.InternalContext.GetEntitySetAndBaseTypeForType(Type entityType)
   at System.Data.Entity.Internal.Linq.InternalSet`1.Initialize()
   at System.Data.Entity.Internal.Linq.InternalSet`1.get_InternalContext()
   at System.Data.Entity.Infrastructure.DbQuery`1.System.Linq.IQueryable.get_Provider()
   at System.Linq.Queryable.Where[TSource](IQueryable`1 source, Expression`1 predicate)
   at Prelude.WebFormsSample.Tests.SampleDbTests.Demo_Update_ExistingEntity() in C:\Users\apalmer\Documents\Visual Studio 2010\Projects\Prelude.WebFormsSample\src\Prelude.WebFormsSample.Tests\SampleDbTests.vb:line 81
</StackTrace>
        </ErrorInfo>
      </Output>
    </UnitTestResult>
    <UnitTestResult executionId="41a8af22-02f1-4b75-9222-b0eadf7bbf90" testId="c10f0587-9ea3-0944-95c4-3acac2758718" testName="Demo_Insert_NewEntity" computerName="PSI-W7LT-DRLFZN" duration="00:00:00.0033117" startTime="2011-12-10T00:22:45.3947176-05:00" endTime="2011-12-10T00:22:45.4007179-05:00" testType="13cdc9d9-ddb5-4fa4-a97d-d965ccfc6d4b" outcome="Failed" testListId="8c84fa94-04c1-424b-9868-57a2d4851a1d" relativeResultsDirectory="41a8af22-02f1-4b75-9222-b0eadf7bbf90">
      <Output>
        <ErrorInfo>
          <Message>Test method Prelude.WebFormsSample.Tests.SampleDbTests.Demo_Insert_NewEntity threw exception: 
System.InvalidOperationException: The entity type Address is not part of the model for the current context.</Message>
          <StackTrace>    at System.Data.Entity.Internal.InternalContext.UpdateEntitySetMappingsForType(Type entityType)
   at System.Data.Entity.Internal.InternalContext.GetEntitySetAndBaseTypeForType(Type entityType)
   at System.Data.Entity.Internal.Linq.InternalSet`1.Initialize()
   at System.Data.Entity.Internal.Linq.InternalSet`1.get_InternalContext()
   at System.Data.Entity.Internal.Linq.InternalSet`1.Create()
   at System.Data.Entity.DbSet`1.Create()
   at Prelude.WebFormsSample.Tests.SampleDbTests.Demo_Insert_NewEntity() in C:\Users\apalmer\Documents\Visual Studio 2010\Projects\Prelude.WebFormsSample\src\Prelude.WebFormsSample.Tests\SampleDbTests.vb:line 101
</StackTrace>
        </ErrorInfo>
      </Output>
    </UnitTestResult>
  </Results>
</TestRun>