<?xml version="1.0" encoding="UTF-8"?>
<TestRun id="007e794a-5bc6-446a-812c-0e35cca1aebd" name="apalmer@PSI-W7LT-DRLFZN 2011-12-10 01:00:44" runUser="PRELUDE\apalmer" xmlns="http://microsoft.com/schemas/VisualStudio/TeamTest/2010">
  <TestSettings name="Local" id="1b052522-8a83-4dd0-95c4-88e88fda6056">
    <Description>These are default test settings for a local test run.</Description>
    <Deployment enabled="false" runDeploymentRoot="apalmer_PSI-W7LT-DRLFZN 2011-12-10 01_00_44">
      <DeploymentItem filename="C:\Users\apalmer\Documents\Visual Studio 2010\Projects\Prelude.WebFormsSample\lib\EntityFramework.dll" />
      <DeploymentItem filename="C:\Users\apalmer\Documents\Visual Studio 2010\Projects\Prelude.WebFormsSample\src\Prelude.WebFormsSample.Core\bin\Debug\Prelude.WebFormsSample.Core.dll" />
      <DeploymentItem filename="C:\Users\apalmer\Documents\Visual Studio 2010\Projects\Prelude.WebFormsSample\src\Prelude.WebFormsSample.Web\bin\Prelude.WebFormsSample.Web.dll" />
      <DeploymentItem filename="C:\Users\apalmer\Documents\Visual Studio 2010\Projects\Prelude.WebFormsSample\src\Prelude.WebFormsSample.Data\bin\Debug\Prelude.WebFormsSample.Data.dll" />
    </Deployment>
    <Execution>
      <TestTypeSpecific />
      <AgentRule name="Execution Agents">
      </AgentRule>
    </Execution>
  </TestSettings>
  <Times creation="2011-12-10T01:00:44.1970576-05:00" queuing="2011-12-10T01:00:45.5871371-05:00" start="2011-12-10T01:00:45.8591527-05:00" finish="2011-12-10T01:02:36.9165048-05:00" />
  <ResultSummary outcome="Failed">
    <Counters total="1" executed="1" error="0" failed="1" timeout="0" aborted="0" inconclusive="0" passedButRunAborted="0" notRunnable="0" notExecuted="0" disconnected="0" warning="0" passed="0" completed="0" inProgress="0" pending="0" />
  </ResultSummary>
  <TestDefinitions>
    <UnitTest name="Prove_TryGetObjectByKey_HitsContextFirst" storage="c:\users\apalmer\documents\visual studio 2010\projects\prelude.webformssample\src\prelude.webformssample.tests\bin\debug\prelude.webformssample.tests.dll" id="70d55418-e9c5-f165-a57d-b03fc7277026">
      <Execution id="847d3477-4e4d-4e24-bc63-67006d472ba2" />
      <TestMethod codeBase="C:/Users/apalmer/Documents/Visual Studio 2010/Projects/Prelude.WebFormsSample/src/Prelude.WebFormsSample.Tests/bin/Debug/Prelude.WebFormsSample.Tests.DLL" adapterTypeName="Microsoft.VisualStudio.TestTools.TestTypes.Unit.UnitTestAdapter, Microsoft.VisualStudio.QualityTools.Tips.UnitTest.Adapter, Version=10.0.0.0, Culture=neutral, PublicKeyToken=b03f5f7f11d50a3a" className="Prelude.WebFormsSample.Tests.SampleDbTests, Prelude.WebFormsSample.Tests, Version=1.0.0.0, Culture=neutral, PublicKeyToken=null" name="Prove_TryGetObjectByKey_HitsContextFirst" />
    </UnitTest>
  </TestDefinitions>
  <TestLists>
    <TestList name="Results Not in a List" id="8c84fa94-04c1-424b-9868-57a2d4851a1d" />
    <TestList name="All Loaded Results" id="19431567-8539-422a-85d7-44ee4e166bda" />
  </TestLists>
  <TestEntries>
    <TestEntry testId="70d55418-e9c5-f165-a57d-b03fc7277026" executionId="847d3477-4e4d-4e24-bc63-67006d472ba2" testListId="8c84fa94-04c1-424b-9868-57a2d4851a1d" />
  </TestEntries>
  <Results>
    <UnitTestResult executionId="847d3477-4e4d-4e24-bc63-67006d472ba2" testId="70d55418-e9c5-f165-a57d-b03fc7277026" testName="Prove_TryGetObjectByKey_HitsContextFirst" computerName="PSI-W7LT-DRLFZN" duration="00:01:49.2393457" startTime="2011-12-10T01:00:46.1051667-05:00" endTime="2011-12-10T01:02:36.7884975-05:00" testType="13cdc9d9-ddb5-4fa4-a97d-d965ccfc6d4b" outcome="Failed" testListId="8c84fa94-04c1-424b-9868-57a2d4851a1d" relativeResultsDirectory="847d3477-4e4d-4e24-bc63-67006d472ba2">
      <Output>
        <ErrorInfo>
          <Message>Test method Prelude.WebFormsSample.Tests.SampleDbTests.Prove_TryGetObjectByKey_HitsContextFirst threw exception: 
System.InvalidOperationException: Object mapping could not be found for Type with identity 'PersonModel.Address'.</Message>
          <StackTrace>    at System.Data.Metadata.Edm.MetadataWorkspace.ImplicitLoadFromEntityType(EntityType type, Assembly callingAssembly)
   at System.Data.Objects.ObjectContext.TryGetObjectByKey(EntityKey key, Object&amp; value)
   at Prelude.WebFormsSample.Tests.SampleDbTests.Prove_TryGetObjectByKey_HitsContextFirst() in C:\Users\apalmer\Documents\Visual Studio 2010\Projects\Prelude.WebFormsSample\src\Prelude.WebFormsSample.Tests\SampleDbTests.vb:line 71
</StackTrace>
        </ErrorInfo>
      </Output>
    </UnitTestResult>
  </Results>
</TestRun>