<?xml version="1.0" encoding="UTF-8"?>
<TestRun id="c42df9de-03d4-4e91-b63b-091bc05f1e53" name="apalmer@PSI-W7LT-DRLFZN 2011-12-10 00:59:26" runUser="PRELUDE\apalmer" xmlns="http://microsoft.com/schemas/VisualStudio/TeamTest/2010">
  <TestSettings name="Local" id="1b052522-8a83-4dd0-95c4-88e88fda6056">
    <Description>These are default test settings for a local test run.</Description>
    <Deployment enabled="false" runDeploymentRoot="apalmer_PSI-W7LT-DRLFZN 2011-12-10 00_59_26">
      <DeploymentItem filename="C:\Users\apalmer\Documents\Visual Studio 2010\Projects\Prelude.WebFormsSample\lib\EntityFramework.dll" />
      <DeploymentItem filename="C:\Users\apalmer\Documents\Visual Studio 2010\Projects\Prelude.WebFormsSample\src\Prelude.WebFormsSample.Core\bin\Debug\Prelude.WebFormsSample.Core.dll" />
      <DeploymentItem filename="C:\Users\apalmer\Documents\Visual Studio 2010\Projects\Prelude.WebFormsSample\src\Prelude.WebFormsSample.Web\bin\Prelude.WebFormsSample.Web.dll" />
      <DeploymentItem filename="C:\Users\apalmer\Documents\Visual Studio 2010\Projects\Prelude.WebFormsSample\src\Prelude.WebFormsSample.Data\bin\Debug\Prelude.WebFormsSample.Data.dll" />
    </Deployment>
    <Execution>
      <TestTypeSpecific />
      <AgentRule name="Execution Agents">
      </AgentRule>
    </Execution>
  </TestSettings>
  <Times creation="2011-12-10T00:59:26.7186261-05:00" queuing="2011-12-10T00:59:28.4077227-05:00" start="2011-12-10T00:59:28.4987279-05:00" finish="2011-12-10T00:59:56.6163361-05:00" />
  <ResultSummary outcome="Error">
    <Counters total="4" executed="2" passed="1" error="0" failed="0" timeout="0" aborted="1" inconclusive="0" passedButRunAborted="0" notRunnable="0" notExecuted="2" disconnected="0" warning="0" completed="0" inProgress="0" pending="0" />
    <RunInfos>
      <RunInfo computerName="PSI-W7LT-DRLFZN" outcome="Error" timestamp="2011-12-10T00:59:56.6143360-05:00">
        <Text>Test host process exited unexpectedly.</Text>
      </RunInfo>
    </RunInfos>
  </ResultSummary>
  <TestDefinitions>
    <UnitTest name="Prove_TryGetObjectByKey_HitsContextFirst" storage="c:\users\apalmer\documents\visual studio 2010\projects\prelude.webformssample\src\prelude.webformssample.tests\bin\debug\prelude.webformssample.tests.dll" id="70d55418-e9c5-f165-a57d-b03fc7277026">
      <Execution id="957eceaf-f5a0-4b66-815d-f6c19168eefd" />
      <TestMethod codeBase="C:/Users/apalmer/Documents/Visual Studio 2010/Projects/Prelude.WebFormsSample/src/Prelude.WebFormsSample.Tests/bin/Debug/Prelude.WebFormsSample.Tests.DLL" adapterTypeName="Microsoft.VisualStudio.TestTools.TestTypes.Unit.UnitTestAdapter, Microsoft.VisualStudio.QualityTools.Tips.UnitTest.Adapter, Version=10.0.0.0, Culture=neutral, PublicKeyToken=b03f5f7f11d50a3a" className="Prelude.WebFormsSample.Tests.SampleDbTests, Prelude.WebFormsSample.Tests, Version=1.0.0.0, Culture=neutral, PublicKeyToken=null" name="Prove_TryGetObjectByKey_HitsContextFirst" />
    </UnitTest>
    <UnitTest name="Prove_ObjectQuery_AlwaysHitsDb" storage="c:\users\apalmer\documents\visual studio 2010\projects\prelude.webformssample\src\prelude.webformssample.tests\bin\debug\prelude.webformssample.tests.dll" id="411e7457-7320-c0eb-6d70-d964c024eaf9">
      <Execution id="3c097aee-878f-4d6f-8b85-c8b8e3e08247" />
      <TestMethod codeBase="C:/Users/apalmer/Documents/Visual Studio 2010/Projects/Prelude.WebFormsSample/src/Prelude.WebFormsSample.Tests/bin/Debug/Prelude.WebFormsSample.Tests.DLL" adapterTypeName="Microsoft.VisualStudio.TestTools.TestTypes.Unit.UnitTestAdapter, Microsoft.VisualStudio.QualityTools.Tips.UnitTest.Adapter, Version=10.0.0.0, Culture=neutral, PublicKeyToken=b03f5f7f11d50a3a" className="Prelude.WebFormsSample.Tests.SampleDbTests, Prelude.WebFormsSample.Tests, Version=1.0.0.0, Culture=neutral, PublicKeyToken=null" name="Prove_ObjectQuery_AlwaysHitsDb" />
    </UnitTest>
    <UnitTest name="Demo_Update_ExistingEntity" storage="c:\users\apalmer\documents\visual studio 2010\projects\prelude.webformssample\src\prelude.webformssample.tests\bin\debug\prelude.webformssample.tests.dll" id="97548af4-a671-3b0b-8ff3-632e28f08d89">
      <Execution id="2f92970c-9010-431e-8ce5-d0860fa372ca" />
      <TestMethod codeBase="C:/Users/apalmer/Documents/Visual Studio 2010/Projects/Prelude.WebFormsSample/src/Prelude.WebFormsSample.Tests/bin/Debug/Prelude.WebFormsSample.Tests.DLL" adapterTypeName="Microsoft.VisualStudio.TestTools.TestTypes.Unit.UnitTestAdapter, Microsoft.VisualStudio.QualityTools.Tips.UnitTest.Adapter, Version=10.0.0.0, Culture=neutral, PublicKeyToken=b03f5f7f11d50a3a" className="Prelude.WebFormsSample.Tests.SampleDbTests, Prelude.WebFormsSample.Tests, Version=1.0.0.0, Culture=neutral, PublicKeyToken=null" name="Demo_Update_ExistingEntity" />
    </UnitTest>
    <UnitTest name="Demo_Insert_NewEntity" storage="c:\users\apalmer\documents\visual studio 2010\projects\prelude.webformssample\src\prelude.webformssample.tests\bin\debug\prelude.webformssample.tests.dll" id="c10f0587-9ea3-0944-95c4-3acac2758718">
      <Execution id="6ce00412-382b-40ea-8ffb-1b93620179f3" />
      <TestMethod codeBase="C:/Users/apalmer/Documents/Visual Studio 2010/Projects/Prelude.WebFormsSample/src/Prelude.WebFormsSample.Tests/bin/Debug/Prelude.WebFormsSample.Tests.DLL" adapterTypeName="Microsoft.VisualStudio.TestTools.TestTypes.Unit.UnitTestAdapter, Microsoft.VisualStudio.QualityTools.Tips.UnitTest.Adapter, Version=10.0.0.0, Culture=neutral, PublicKeyToken=b03f5f7f11d50a3a" className="Prelude.WebFormsSample.Tests.SampleDbTests, Prelude.WebFormsSample.Tests, Version=1.0.0.0, Culture=neutral, PublicKeyToken=null" name="Demo_Insert_NewEntity" />
    </UnitTest>
  </TestDefinitions>
  <TestLists>
    <TestList name="Results Not in a List" id="8c84fa94-04c1-424b-9868-57a2d4851a1d" />
    <TestList name="All Loaded Results" id="19431567-8539-422a-85d7-44ee4e166bda" />
  </TestLists>
  <TestEntries>
    <TestEntry testId="411e7457-7320-c0eb-6d70-d964c024eaf9" executionId="3c097aee-878f-4d6f-8b85-c8b8e3e08247" testListId="8c84fa94-04c1-424b-9868-57a2d4851a1d" />
    <TestEntry testId="70d55418-e9c5-f165-a57d-b03fc7277026" executionId="957eceaf-f5a0-4b66-815d-f6c19168eefd" testListId="8c84fa94-04c1-424b-9868-57a2d4851a1d" />
    <TestEntry testId="97548af4-a671-3b0b-8ff3-632e28f08d89" executionId="2f92970c-9010-431e-8ce5-d0860fa372ca" testListId="8c84fa94-04c1-424b-9868-57a2d4851a1d" />
    <TestEntry testId="c10f0587-9ea3-0944-95c4-3acac2758718" executionId="6ce00412-382b-40ea-8ffb-1b93620179f3" testListId="8c84fa94-04c1-424b-9868-57a2d4851a1d" />
  </TestEntries>
  <Results>
    <UnitTestResult executionId="3c097aee-878f-4d6f-8b85-c8b8e3e08247" testId="411e7457-7320-c0eb-6d70-d964c024eaf9" testName="Prove_ObjectQuery_AlwaysHitsDb" computerName="PSI-W7LT-DRLFZN" duration="00:00:00.7501775" startTime="2011-12-10T00:59:28.5547311-05:00" endTime="2011-12-10T00:59:30.8588629-05:00" testType="13cdc9d9-ddb5-4fa4-a97d-d965ccfc6d4b" outcome="Passed" testListId="8c84fa94-04c1-424b-9868-57a2d4851a1d" relativeResultsDirectory="3c097aee-878f-4d6f-8b85-c8b8e3e08247">
    </UnitTestResult>
    <UnitTestResult executionId="957eceaf-f5a0-4b66-815d-f6c19168eefd" testId="70d55418-e9c5-f165-a57d-b03fc7277026" testName="Prove_TryGetObjectByKey_HitsContextFirst" computerName="PSI-W7LT-DRLFZN" duration="00:00:25.7434724" startTime="2011-12-10T00:59:30.8728637-05:00" endTime="2011-12-10T00:59:56.6163361-05:00" testType="13cdc9d9-ddb5-4fa4-a97d-d965ccfc6d4b" outcome="Aborted" testListId="8c84fa94-04c1-424b-9868-57a2d4851a1d" relativeResultsDirectory="957eceaf-f5a0-4b66-815d-f6c19168eefd">
    </UnitTestResult>
    <UnitTestResult executionId="2f92970c-9010-431e-8ce5-d0860fa372ca" testId="97548af4-a671-3b0b-8ff3-632e28f08d89" testName="Demo_Update_ExistingEntity" computerName="PSI-W7LT-DRLFZN" testType="13cdc9d9-ddb5-4fa4-a97d-d965ccfc6d4b" outcome="NotExecuted" testListId="8c84fa94-04c1-424b-9868-57a2d4851a1d" relativeResultsDirectory="2f92970c-9010-431e-8ce5-d0860fa372ca">
    </UnitTestResult>
    <UnitTestResult executionId="6ce00412-382b-40ea-8ffb-1b93620179f3" testId="c10f0587-9ea3-0944-95c4-3acac2758718" testName="Demo_Insert_NewEntity" computerName="PSI-W7LT-DRLFZN" testType="13cdc9d9-ddb5-4fa4-a97d-d965ccfc6d4b" outcome="NotExecuted" testListId="8c84fa94-04c1-424b-9868-57a2d4851a1d" relativeResultsDirectory="6ce00412-382b-40ea-8ffb-1b93620179f3">
    </UnitTestResult>
  </Results>
</TestRun>