<?xml version="1.0" encoding="UTF-8"?>
<TestRun id="dc5e90a6-ec4b-46c5-ad77-7cd412e9a16c" name="apalmer@PSI-W7LT-DRLFZN 2011-12-09 23:40:02" runUser="PRELUDE\apalmer" xmlns="http://microsoft.com/schemas/VisualStudio/TeamTest/2010">
  <TestSettings name="Local" id="1b052522-8a83-4dd0-95c4-88e88fda6056">
    <Description>These are default test settings for a local test run.</Description>
    <Deployment enabled="false" runDeploymentRoot="apalmer_PSI-W7LT-DRLFZN 2011-12-09 23_40_02">
      <DeploymentItem filename="C:\Users\apalmer\Documents\Visual Studio 2010\Projects\Prelude.WebFormsSample\lib\EntityFramework.dll" />
      <DeploymentItem filename="C:\Users\apalmer\Documents\Visual Studio 2010\Projects\Prelude.WebFormsSample\src\Prelude.WebFormsSample.Core\bin\Debug\Prelude.WebFormsSample.Core.dll" />
      <DeploymentItem filename="C:\Users\apalmer\Documents\Visual Studio 2010\Projects\Prelude.WebFormsSample\src\Prelude.WebFormsSample.Web\bin\Prelude.WebFormsSample.Web.dll" />
      <DeploymentItem filename="C:\Users\apalmer\Documents\Visual Studio 2010\Projects\Prelude.WebFormsSample\src\Prelude.WebFormsSample.Data\bin\Debug\Prelude.WebFormsSample.Data.dll" />
    </Deployment>
    <Execution>
      <TestTypeSpecific />
      <AgentRule name="Execution Agents">
      </AgentRule>
    </Execution>
  </TestSettings>
  <Times creation="2011-12-09T23:40:02.9741555-05:00" queuing="2011-12-09T23:40:05.2522858-05:00" start="2011-12-09T23:40:05.4462969-05:00" finish="2011-12-09T23:40:45.7556024-05:00" />
  <ResultSummary outcome="Completed">
    <Counters total="1" executed="1" passed="1" error="0" failed="0" timeout="0" aborted="0" inconclusive="0" passedButRunAborted="0" notRunnable="0" notExecuted="0" disconnected="0" warning="0" completed="0" inProgress="0" pending="0" />
  </ResultSummary>
  <TestDefinitions>
    <UnitTest name="TestMethod1" storage="c:\users\apalmer\documents\visual studio 2010\projects\prelude.webformssample\src\prelude.webformssample.tests\bin\debug\prelude.webformssample.tests.dll" id="a6e2ff5e-a1e1-9917-5e9c-52b84174571e">
      <Execution id="9bcffb24-f567-45b0-be7b-e9b39872193e" />
      <TestMethod codeBase="C:/Users/apalmer/Documents/Visual Studio 2010/Projects/Prelude.WebFormsSample/src/Prelude.WebFormsSample.Tests/bin/Debug/Prelude.WebFormsSample.Tests.DLL" adapterTypeName="Microsoft.VisualStudio.TestTools.TestTypes.Unit.UnitTestAdapter, Microsoft.VisualStudio.QualityTools.Tips.UnitTest.Adapter, Version=10.0.0.0, Culture=neutral, PublicKeyToken=b03f5f7f11d50a3a" className="Prelude.WebFormsSample.Tests.UnitTest1, Prelude.WebFormsSample.Tests, Version=1.0.0.0, Culture=neutral, PublicKeyToken=null" name="TestMethod1" />
    </UnitTest>
  </TestDefinitions>
  <TestLists>
    <TestList name="Results Not in a List" id="8c84fa94-04c1-424b-9868-57a2d4851a1d" />
    <TestList name="All Loaded Results" id="19431567-8539-422a-85d7-44ee4e166bda" />
  </TestLists>
  <TestEntries>
    <TestEntry testId="a6e2ff5e-a1e1-9917-5e9c-52b84174571e" executionId="9bcffb24-f567-45b0-be7b-e9b39872193e" testListId="8c84fa94-04c1-424b-9868-57a2d4851a1d" />
  </TestEntries>
  <Results>
    <UnitTestResult executionId="9bcffb24-f567-45b0-be7b-e9b39872193e" testId="a6e2ff5e-a1e1-9917-5e9c-52b84174571e" testName="TestMethod1" computerName="PSI-W7LT-DRLFZN" duration="00:00:36.5308717" startTime="2011-12-09T23:40:05.6413080-05:00" endTime="2011-12-09T23:40:43.9074967-05:00" testType="13cdc9d9-ddb5-4fa4-a97d-d965ccfc6d4b" outcome="Passed" testListId="8c84fa94-04c1-424b-9868-57a2d4851a1d" relativeResultsDirectory="9bcffb24-f567-45b0-be7b-e9b39872193e">
    </UnitTestResult>
  </Results>
</TestRun>